[debug] [2024-03-31T19:39:04.700Z] ----------------------------------------------------------------------
[debug] [2024-03-31T19:39:04.701Z] Command:       /Users/kk/.nvm/versions/node/v18.18.2/bin/node /Users/kk/.nvm/versions/node/v18.18.2/bin/firebase deploy
[debug] [2024-03-31T19:39:04.701Z] CLI Version:   13.5.2
[debug] [2024-03-31T19:39:04.701Z] Platform:      darwin
[debug] [2024-03-31T19:39:04.701Z] Node Version:  v18.18.2
[debug] [2024-03-31T19:39:04.704Z] Time:          Sun Mar 31 2024 15:39:04 GMT-0400 (Eastern Daylight Time)
[debug] [2024-03-31T19:39:04.704Z] ----------------------------------------------------------------------
[debug] 
[debug] [2024-03-31T19:39:04.706Z] >>> [apiv2][query] GET https://firebase-public.firebaseio.com/cli.json [none]
[debug] [2024-03-31T19:39:04.759Z] > command requires scopes: ["email","openid","https://www.googleapis.com/auth/cloudplatformprojects.readonly","https://www.googleapis.com/auth/firebase","https://www.googleapis.com/auth/cloud-platform"]
[debug] [2024-03-31T19:39:04.759Z] > authorizing via signed-in user (kestan@marigoldmedia.net)
[debug] [2024-03-31T19:39:04.759Z] [iam] checking project marigold-media-5eaba for permissions ["firebase.projects.get","firebasehosting.sites.update"]
[debug] [2024-03-31T19:39:04.759Z] > refreshing access token with scopes: []
[debug] [2024-03-31T19:39:04.760Z] >>> [apiv2][query] POST https://www.googleapis.com/oauth2/v3/token [none]
[debug] [2024-03-31T19:39:04.760Z] >>> [apiv2][body] POST https://www.googleapis.com/oauth2/v3/token [omitted]
[debug] [2024-03-31T19:39:04.933Z] <<< [apiv2][status] GET https://firebase-public.firebaseio.com/cli.json 200
[debug] [2024-03-31T19:39:04.934Z] <<< [apiv2][body] GET https://firebase-public.firebaseio.com/cli.json {"cloudBuildErrorAfter":1594252800000,"cloudBuildWarnAfter":1590019200000,"defaultNode10After":1594252800000,"minVersion":"3.0.5","node8DeploysDisabledAfter":1613390400000,"node8RuntimeDisabledAfter":1615809600000,"node8WarnAfter":1600128000000}
[debug] [2024-03-31T19:39:05.022Z] <<< [apiv2][status] POST https://www.googleapis.com/oauth2/v3/token 400
[debug] [2024-03-31T19:39:05.022Z] <<< [apiv2][body] POST https://www.googleapis.com/oauth2/v3/token [omitted]
[debug] [2024-03-31T19:39:05.023Z] [iam] error while checking permissions, command may fail: FirebaseError: Authentication Error: Your credentials are no longer valid. Please run firebase login --reauth

For CI servers and headless environments, generate a new token with firebase login:ci
[debug] [2024-03-31T19:39:05.023Z] > refreshing access token with scopes: []
[debug] [2024-03-31T19:39:05.024Z] >>> [apiv2][query] POST https://www.googleapis.com/oauth2/v3/token [none]
[debug] [2024-03-31T19:39:05.024Z] >>> [apiv2][body] POST https://www.googleapis.com/oauth2/v3/token [omitted]
[debug] [2024-03-31T19:39:05.169Z] <<< [apiv2][status] POST https://www.googleapis.com/oauth2/v3/token 400
[debug] [2024-03-31T19:39:05.170Z] <<< [apiv2][body] POST https://www.googleapis.com/oauth2/v3/token [omitted]
[debug] [2024-03-31T19:39:05.170Z] Authentication Error: Your credentials are no longer valid. Please run firebase login --reauth

For CI servers and headless environments, generate a new token with firebase login:ci
[error] 
[error] Error: Assertion failed: resolving hosting target of a site with no site name or target name. This should have caused an error earlier
[debug] [2024-03-31T19:39:22.593Z] ----------------------------------------------------------------------
[debug] [2024-03-31T19:39:22.594Z] Command:       /Users/kk/.nvm/versions/node/v18.18.2/bin/node /Users/kk/.nvm/versions/node/v18.18.2/bin/firebase init
[debug] [2024-03-31T19:39:22.594Z] CLI Version:   13.5.2
[debug] [2024-03-31T19:39:22.595Z] Platform:      darwin
[debug] [2024-03-31T19:39:22.595Z] Node Version:  v18.18.2
[debug] [2024-03-31T19:39:22.595Z] Time:          Sun Mar 31 2024 15:39:22 GMT-0400 (Eastern Daylight Time)
[debug] [2024-03-31T19:39:22.596Z] ----------------------------------------------------------------------
[debug] 
[debug] [2024-03-31T19:39:22.629Z] > command requires scopes: ["email","openid","https://www.googleapis.com/auth/cloudplatformprojects.readonly","https://www.googleapis.com/auth/firebase","https://www.googleapis.com/auth/cloud-platform"]
[debug] [2024-03-31T19:39:22.629Z] > authorizing via signed-in user (kestan@marigoldmedia.net)
[info] 
     ######## #### ########  ######## ########     ###     ######  ########
     ##        ##  ##     ## ##       ##     ##  ##   ##  ##       ##
     ######    ##  ########  ######   ########  #########  ######  ######
     ##        ##  ##    ##  ##       ##     ## ##     ##       ## ##
     ##       #### ##     ## ######## ########  ##     ##  ######  ########

You're about to initialize a Firebase project in this directory:

  /Users/kk/Desktop/Marigold-Media/MarigoldMedia

Before we get started, keep in mind:

  * You are initializing within an existing Firebase project directory

[info] 
=== Project Setup
[info] 
[info] First, let's associate this project directory with a Firebase project.
[info] You can create multiple project aliases by running firebase use --add, 
[info] but for now we'll just set up a default project.
[info] 
[debug] [2024-03-31T19:39:25.229Z] Using project from CLI flag: marigold-media-5eaba
[debug] [2024-03-31T19:39:25.230Z] > refreshing access token with scopes: []
[debug] [2024-03-31T19:39:25.232Z] >>> [apiv2][query] POST https://www.googleapis.com/oauth2/v3/token [none]
[debug] [2024-03-31T19:39:25.233Z] >>> [apiv2][body] POST https://www.googleapis.com/oauth2/v3/token [omitted]
[debug] [2024-03-31T19:39:25.417Z] <<< [apiv2][status] POST https://www.googleapis.com/oauth2/v3/token 400
[debug] [2024-03-31T19:39:25.418Z] <<< [apiv2][body] POST https://www.googleapis.com/oauth2/v3/token [omitted]
[debug] [2024-03-31T19:39:25.418Z] Authentication Error: Your credentials are no longer valid. Please run firebase login --reauth

For CI servers and headless environments, generate a new token with firebase login:ci
[debug] [2024-03-31T19:39:25.507Z] FirebaseError: Authentication Error: Your credentials are no longer valid. Please run firebase login --reauth

For CI servers and headless environments, generate a new token with firebase login:ci
    at invalidCredentialError (/Users/kk/.nvm/versions/node/v18.18.2/lib/node_modules/firebase-tools/lib/auth.js:142:12)
    at refreshTokens (/Users/kk/.nvm/versions/node/v18.18.2/lib/node_modules/firebase-tools/lib/auth.js:515:15)
    at process.processTicksAndRejections (node:internal/process/task_queues:95:5)
    at async Client.getAccessToken (/Users/kk/.nvm/versions/node/v18.18.2/lib/node_modules/firebase-tools/lib/apiv2.js:161:22)
    at async Client.addAuthHeader (/Users/kk/.nvm/versions/node/v18.18.2/lib/node_modules/firebase-tools/lib/apiv2.js:152:21)
    at async Client.request (/Users/kk/.nvm/versions/node/v18.18.2/lib/node_modules/firebase-tools/lib/apiv2.js:105:34)
    at async getFirebaseProject (/Users/kk/.nvm/versions/node/v18.18.2/lib/node_modules/firebase-tools/lib/management/projects.js:295:21)
    at async doSetup (/Users/kk/.nvm/versions/node/v18.18.2/lib/node_modules/firebase-tools/lib/init/features/project.js:85:27)
    at async init (/Users/kk/.nvm/versions/node/v18.18.2/lib/node_modules/firebase-tools/lib/init/index.js:37:9)
[error] 
[error] Error: Failed to get Firebase project marigold-media-5eaba. Please make sure the project exists and your account has permission to access it.
